The system is: Linux - 3.11.10-200.fc19.x86_64 - x86_64
Compiling the C compiler identification source file "CMakeCCompilerId.c" succeeded.
Compiler: /usr/lib64/ccache/cc 
Build flags: 
Id flags: 

The output was:
0


Compilation of the C compiler identification source "CMakeCCompilerId.c" produced "a.out"

The C compiler identification is GNU, found in "/home/ward/Documents/phd/CheMPS2/build/CMakeFiles/2.8.12.1/CompilerIdC/a.out"

Compiling the CXX compiler identification source file "CMakeCXXCompilerId.cpp" succeeded.
Compiler: /usr/lib64/ccache/c++ 
Build flags: 
Id flags: 

The output was:
0


Compilation of the CXX compiler identification source "CMakeCXXCompilerId.cpp" produced "a.out"

The CXX compiler identification is GNU, found in "/home/ward/Documents/phd/CheMPS2/build/CMakeFiles/2.8.12.1/CompilerIdCXX/a.out"

Determining if the C compiler works passed with the following output:
Change Dir: /home/ward/Documents/phd/CheMPS2/build/CMakeFiles/CMakeTmp

Run Build Command:/usr/bin/gmake "cmTryCompileExec1294446527/fast"
/usr/bin/gmake -f CMakeFiles/cmTryCompileExec1294446527.dir/build.make CMakeFiles/cmTryCompileExec1294446527.dir/build
gmake[1]: Entering directory `/home/ward/Documents/phd/CheMPS2/build/CMakeFiles/CMakeTmp'
/usr/bin/cmake -E cmake_progress_report /home/ward/Documents/phd/CheMPS2/build/CMakeFiles/CMakeTmp/CMakeFiles 1
Building C object CMakeFiles/cmTryCompileExec1294446527.dir/testCCompiler.c.o
/usr/lib64/ccache/cc    -o CMakeFiles/cmTryCompileExec1294446527.dir/testCCompiler.c.o   -c /home/ward/Documents/phd/CheMPS2/build/CMakeFiles/CMakeTmp/testCCompiler.c
Linking C executable cmTryCompileExec1294446527
/usr/bin/cmake -E cmake_link_script CMakeFiles/cmTryCompileExec1294446527.dir/link.txt --verbose=1
/usr/lib64/ccache/cc       CMakeFiles/cmTryCompileExec1294446527.dir/testCCompiler.c.o  -o cmTryCompileExec1294446527 -rdynamic 
gmake[1]: Leaving directory `/home/ward/Documents/phd/CheMPS2/build/CMakeFiles/CMakeTmp'


Detecting C compiler ABI info compiled with the following output:
Change Dir: /home/ward/Documents/phd/CheMPS2/build/CMakeFiles/CMakeTmp

Run Build Command:/usr/bin/gmake "cmTryCompileExec1791888190/fast"
/usr/bin/gmake -f CMakeFiles/cmTryCompileExec1791888190.dir/build.make CMakeFiles/cmTryCompileExec1791888190.dir/build
gmake[1]: Entering directory `/home/ward/Documents/phd/CheMPS2/build/CMakeFiles/CMakeTmp'
/usr/bin/cmake -E cmake_progress_report /home/ward/Documents/phd/CheMPS2/build/CMakeFiles/CMakeTmp/CMakeFiles 1
Building C object CMakeFiles/cmTryCompileExec1791888190.dir/CMakeCCompilerABI.c.o
/usr/lib64/ccache/cc    -o CMakeFiles/cmTryCompileExec1791888190.dir/CMakeCCompilerABI.c.o   -c /usr/share/cmake/Modules/CMakeCCompilerABI.c
Linking C executable cmTryCompileExec1791888190
/usr/bin/cmake -E cmake_link_script CMakeFiles/cmTryCompileExec1791888190.dir/link.txt --verbose=1
/usr/lib64/ccache/cc     -v CMakeFiles/cmTryCompileExec1791888190.dir/CMakeCCompilerABI.c.o  -o cmTryCompileExec1791888190 -rdynamic  
Using built-in specs.
COLLECT_GCC=/usr/bin/cc
COLLECT_LTO_WRAPPER=/usr/libexec/gcc/x86_64-redhat-linux/4.8.2/lto-wrapper
Target: x86_64-redhat-linux
Configured with: ../configure --prefix=/usr --mandir=/usr/share/man --infodir=/usr/share/info --with-bugurl=http://bugzilla.redhat.com/bugzilla --enable-bootstrap --enable-shared --enable-threads=posix --enable-checking=release --with-system-zlib --enable-__cxa_atexit --disable-libunwind-exceptions --enable-gnu-unique-object --enable-linker-build-id --with-linker-hash-style=gnu --enable-languages=c,c++,objc,obj-c++,java,fortran,ada,go,lto --enable-plugin --enable-initfini-array --enable-java-awt=gtk --disable-dssi --with-java-home=/usr/lib/jvm/java-1.5.0-gcj-1.5.0.0/jre --enable-libgcj-multifile --enable-java-maintainer-mode --with-ecj-jar=/usr/share/java/eclipse-ecj.jar --disable-libjava-multilib --with-isl=/builddir/build/BUILD/gcc-4.8.2-20131017/obj-x86_64-redhat-linux/isl-install --with-cloog=/builddir/build/BUILD/gcc-4.8.2-20131017/obj-x86_64-redhat-linux/cloog-install --with-tune=generic --with-arch_32=i686 --build=x86_64-redhat-linux
Thread model: posix
gcc version 4.8.2 20131017 (Red Hat 4.8.2-1) (GCC) 
COMPILER_PATH=/usr/libexec/gcc/x86_64-redhat-linux/4.8.2/:/usr/libexec/gcc/x86_64-redhat-linux/4.8.2/:/usr/libexec/gcc/x86_64-redhat-linux/:/usr/lib/gcc/x86_64-redhat-linux/4.8.2/:/usr/lib/gcc/x86_64-redhat-linux/
LIBRARY_PATH=/opt/cuda/lib64/../lib64/:/opt/cuda/lib64/../lib64/:/opt/cuda/lib64/../lib64/:/usr/lib/gcc/x86_64-redhat-linux/4.8.2/:/usr/lib/gcc/x86_64-redhat-linux/4.8.2/../../../../lib64/:/lib/../lib64/:/usr/lib/../lib64/:/opt/intel/composer_xe_2013.0.079/compiler/lib/intel64/:/opt/intel/composer_xe_2013.0.079/ipp/../compiler/lib/intel64/:/opt/intel/composer_xe_2013.0.079/ipp/lib/intel64/:/opt/intel/composer_xe_2013.0.079/compiler/lib/intel64/:/opt/intel/composer_xe_2013.0.079/mkl/lib/intel64/:/opt/intel/composer_xe_2013.0.079/tbb/lib/intel64/:/opt/intel/composer_xe_2013.0.079/compiler/lib/intel64/:/opt/intel/composer_xe_2013.0.079/ipp/../compiler/lib/intel64/:/opt/intel/composer_xe_2013.0.079/ipp/lib/intel64/:/opt/intel/composer_xe_2013.0.079/compiler/lib/intel64/:/opt/intel/composer_xe_2013.0.079/mkl/lib/intel64/:/opt/intel/composer_xe_2013.0.079/tbb/lib/intel64/:/opt/intel/composer_xe_2013.0.079/compiler/lib/intel64/:/opt/intel/composer_xe_2013.0.079/ipp/../compiler/lib/intel64/:/opt/intel/composer_xe_2013.0.079/ipp/lib/intel64/:/opt/intel/composer_xe_2013.0.079/compiler/lib/intel64/:/opt/intel/composer_xe_2013.0.079/mkl/lib/intel64/:/opt/intel/composer_xe_2013.0.079/tbb/lib/intel64/:./:/opt/cuda/lib64/:/home/ward/opt/lib/:/opt/cuda/lib64/:/home/ward/opt/lib/:/opt/cuda/lib64/:/home/ward/opt/lib/:/usr/lib/gcc/x86_64-redhat-linux/4.8.2/../../../:/lib/:/usr/lib/
COLLECT_GCC_OPTIONS='-v' '-o' 'cmTryCompileExec1791888190' '-rdynamic' '-mtune=generic' '-march=x86-64'
 /usr/libexec/gcc/x86_64-redhat-linux/4.8.2/collect2 --build-id --no-add-needed --eh-frame-hdr --hash-style=gnu -m elf_x86_64 -export-dynamic -dynamic-linker /lib64/ld-linux-x86-64.so.2 -o cmTryCompileExec1791888190 /usr/lib/gcc/x86_64-redhat-linux/4.8.2/../../../../lib64/crt1.o /usr/lib/gcc/x86_64-redhat-linux/4.8.2/../../../../lib64/crti.o /usr/lib/gcc/x86_64-redhat-linux/4.8.2/crtbegin.o -L/opt/cuda/lib64/../lib64 -L/opt/cuda/lib64/../lib64 -L/opt/cuda/lib64/../lib64 -L/usr/lib/gcc/x86_64-redhat-linux/4.8.2 -L/usr/lib/gcc/x86_64-redhat-linux/4.8.2/../../../../lib64 -L/lib/../lib64 -L/usr/lib/../lib64 -L/opt/intel/composer_xe_2013.0.079/compiler/lib/intel64 -L/opt/intel/composer_xe_2013.0.079/ipp/../compiler/lib/intel64 -L/opt/intel/composer_xe_2013.0.079/ipp/lib/intel64 -L/opt/intel/composer_xe_2013.0.079/compiler/lib/intel64 -L/opt/intel/composer_xe_2013.0.079/mkl/lib/intel64 -L/opt/intel/composer_xe_2013.0.079/tbb/lib/intel64 -L/opt/intel/composer_xe_2013.0.079/compiler/lib/intel64 -L/opt/intel/composer_xe_2013.0.079/ipp/../compiler/lib/intel64 -L/opt/intel/composer_xe_2013.0.079/ipp/lib/intel64 -L/opt/intel/composer_xe_2013.0.079/compiler/lib/intel64 -L/opt/intel/composer_xe_2013.0.079/mkl/lib/intel64 -L/opt/intel/composer_xe_2013.0.079/tbb/lib/intel64 -L/opt/intel/composer_xe_2013.0.079/compiler/lib/intel64 -L/opt/intel/composer_xe_2013.0.079/ipp/../compiler/lib/intel64 -L/opt/intel/composer_xe_2013.0.079/ipp/lib/intel64 -L/opt/intel/composer_xe_2013.0.079/compiler/lib/intel64 -L/opt/intel/composer_xe_2013.0.079/mkl/lib/intel64 -L/opt/intel/composer_xe_2013.0.079/tbb/lib/intel64 -L. -L/opt/cuda/lib64 -L/home/ward/opt/lib -L/opt/cuda/lib64 -L/home/ward/opt/lib -L/opt/cuda/lib64 -L/home/ward/opt/lib -L/usr/lib/gcc/x86_64-redhat-linux/4.8.2/../../.. CMakeFiles/cmTryCompileExec1791888190.dir/CMakeCCompilerABI.c.o -lgcc --as-needed -lgcc_s --no-as-needed -lc -lgcc --as-needed -lgcc_s --no-as-needed /usr/lib/gcc/x86_64-redhat-linux/4.8.2/crtend.o /usr/lib/gcc/x86_64-redhat-linux/4.8.2/../../../../lib64/crtn.o
gmake[1]: Leaving directory `/home/ward/Documents/phd/CheMPS2/build/CMakeFiles/CMakeTmp'


Parsed C implicit link information from above output:
  link line regex: [^( *|.*[/\])(ld|([^/\]+-)?ld|collect2)[^/\]*( |$)]
  ignore line: [Change Dir: /home/ward/Documents/phd/CheMPS2/build/CMakeFiles/CMakeTmp]
  ignore line: []
  ignore line: [Run Build Command:/usr/bin/gmake "cmTryCompileExec1791888190/fast"]
  ignore line: [/usr/bin/gmake -f CMakeFiles/cmTryCompileExec1791888190.dir/build.make CMakeFiles/cmTryCompileExec1791888190.dir/build]
  ignore line: [gmake[1]: Entering directory `/home/ward/Documents/phd/CheMPS2/build/CMakeFiles/CMakeTmp']
  ignore line: [/usr/bin/cmake -E cmake_progress_report /home/ward/Documents/phd/CheMPS2/build/CMakeFiles/CMakeTmp/CMakeFiles 1]
  ignore line: [Building C object CMakeFiles/cmTryCompileExec1791888190.dir/CMakeCCompilerABI.c.o]
  ignore line: [/usr/lib64/ccache/cc    -o CMakeFiles/cmTryCompileExec1791888190.dir/CMakeCCompilerABI.c.o   -c /usr/share/cmake/Modules/CMakeCCompilerABI.c]
  ignore line: [Linking C executable cmTryCompileExec1791888190]
  ignore line: [/usr/bin/cmake -E cmake_link_script CMakeFiles/cmTryCompileExec1791888190.dir/link.txt --verbose=1]
  ignore line: [/usr/lib64/ccache/cc     -v CMakeFiles/cmTryCompileExec1791888190.dir/CMakeCCompilerABI.c.o  -o cmTryCompileExec1791888190 -rdynamic  ]
  ignore line: [Using built-in specs.]
  ignore line: [COLLECT_GCC=/usr/bin/cc]
  ignore line: [COLLECT_LTO_WRAPPER=/usr/libexec/gcc/x86_64-redhat-linux/4.8.2/lto-wrapper]
  ignore line: [Target: x86_64-redhat-linux]
  ignore line: [Configured with: ../configure --prefix=/usr --mandir=/usr/share/man --infodir=/usr/share/info --with-bugurl=http://bugzilla.redhat.com/bugzilla --enable-bootstrap --enable-shared --enable-threads=posix --enable-checking=release --with-system-zlib --enable-__cxa_atexit --disable-libunwind-exceptions --enable-gnu-unique-object --enable-linker-build-id --with-linker-hash-style=gnu --enable-languages=c,c++,objc,obj-c++,java,fortran,ada,go,lto --enable-plugin --enable-initfini-array --enable-java-awt=gtk --disable-dssi --with-java-home=/usr/lib/jvm/java-1.5.0-gcj-1.5.0.0/jre --enable-libgcj-multifile --enable-java-maintainer-mode --with-ecj-jar=/usr/share/java/eclipse-ecj.jar --disable-libjava-multilib --with-isl=/builddir/build/BUILD/gcc-4.8.2-20131017/obj-x86_64-redhat-linux/isl-install --with-cloog=/builddir/build/BUILD/gcc-4.8.2-20131017/obj-x86_64-redhat-linux/cloog-install --with-tune=generic --with-arch_32=i686 --build=x86_64-redhat-linux]
  ignore line: [Thread model: posix]
  ignore line: [gcc version 4.8.2 20131017 (Red Hat 4.8.2-1) (GCC) ]
  ignore line: [COMPILER_PATH=/usr/libexec/gcc/x86_64-redhat-linux/4.8.2/:/usr/libexec/gcc/x86_64-redhat-linux/4.8.2/:/usr/libexec/gcc/x86_64-redhat-linux/:/usr/lib/gcc/x86_64-redhat-linux/4.8.2/:/usr/lib/gcc/x86_64-redhat-linux/]
  ignore line: [LIBRARY_PATH=/opt/cuda/lib64/../lib64/:/opt/cuda/lib64/../lib64/:/opt/cuda/lib64/../lib64/:/usr/lib/gcc/x86_64-redhat-linux/4.8.2/:/usr/lib/gcc/x86_64-redhat-linux/4.8.2/../../../../lib64/:/lib/../lib64/:/usr/lib/../lib64/:/opt/intel/composer_xe_2013.0.079/compiler/lib/intel64/:/opt/intel/composer_xe_2013.0.079/ipp/../compiler/lib/intel64/:/opt/intel/composer_xe_2013.0.079/ipp/lib/intel64/:/opt/intel/composer_xe_2013.0.079/compiler/lib/intel64/:/opt/intel/composer_xe_2013.0.079/mkl/lib/intel64/:/opt/intel/composer_xe_2013.0.079/tbb/lib/intel64/:/opt/intel/composer_xe_2013.0.079/compiler/lib/intel64/:/opt/intel/composer_xe_2013.0.079/ipp/../compiler/lib/intel64/:/opt/intel/composer_xe_2013.0.079/ipp/lib/intel64/:/opt/intel/composer_xe_2013.0.079/compiler/lib/intel64/:/opt/intel/composer_xe_2013.0.079/mkl/lib/intel64/:/opt/intel/composer_xe_2013.0.079/tbb/lib/intel64/:/opt/intel/composer_xe_2013.0.079/compiler/lib/intel64/:/opt/intel/composer_xe_2013.0.079/ipp/../compiler/lib/intel64/:/opt/intel/composer_xe_2013.0.079/ipp/lib/intel64/:/opt/intel/composer_xe_2013.0.079/compiler/lib/intel64/:/opt/intel/composer_xe_2013.0.079/mkl/lib/intel64/:/opt/intel/composer_xe_2013.0.079/tbb/lib/intel64/:./:/opt/cuda/lib64/:/home/ward/opt/lib/:/opt/cuda/lib64/:/home/ward/opt/lib/:/opt/cuda/lib64/:/home/ward/opt/lib/:/usr/lib/gcc/x86_64-redhat-linux/4.8.2/../../../:/lib/:/usr/lib/]
  ignore line: [COLLECT_GCC_OPTIONS='-v' '-o' 'cmTryCompileExec1791888190' '-rdynamic' '-mtune=generic' '-march=x86-64']
  link line: [ /usr/libexec/gcc/x86_64-redhat-linux/4.8.2/collect2 --build-id --no-add-needed --eh-frame-hdr --hash-style=gnu -m elf_x86_64 -export-dynamic -dynamic-linker /lib64/ld-linux-x86-64.so.2 -o cmTryCompileExec1791888190 /usr/lib/gcc/x86_64-redhat-linux/4.8.2/../../../../lib64/crt1.o /usr/lib/gcc/x86_64-redhat-linux/4.8.2/../../../../lib64/crti.o /usr/lib/gcc/x86_64-redhat-linux/4.8.2/crtbegin.o -L/opt/cuda/lib64/../lib64 -L/opt/cuda/lib64/../lib64 -L/opt/cuda/lib64/../lib64 -L/usr/lib/gcc/x86_64-redhat-linux/4.8.2 -L/usr/lib/gcc/x86_64-redhat-linux/4.8.2/../../../../lib64 -L/lib/../lib64 -L/usr/lib/../lib64 -L/opt/intel/composer_xe_2013.0.079/compiler/lib/intel64 -L/opt/intel/composer_xe_2013.0.079/ipp/../compiler/lib/intel64 -L/opt/intel/composer_xe_2013.0.079/ipp/lib/intel64 -L/opt/intel/composer_xe_2013.0.079/compiler/lib/intel64 -L/opt/intel/composer_xe_2013.0.079/mkl/lib/intel64 -L/opt/intel/composer_xe_2013.0.079/tbb/lib/intel64 -L/opt/intel/composer_xe_2013.0.079/compiler/lib/intel64 -L/opt/intel/composer_xe_2013.0.079/ipp/../compiler/lib/intel64 -L/opt/intel/composer_xe_2013.0.079/ipp/lib/intel64 -L/opt/intel/composer_xe_2013.0.079/compiler/lib/intel64 -L/opt/intel/composer_xe_2013.0.079/mkl/lib/intel64 -L/opt/intel/composer_xe_2013.0.079/tbb/lib/intel64 -L/opt/intel/composer_xe_2013.0.079/compiler/lib/intel64 -L/opt/intel/composer_xe_2013.0.079/ipp/../compiler/lib/intel64 -L/opt/intel/composer_xe_2013.0.079/ipp/lib/intel64 -L/opt/intel/composer_xe_2013.0.079/compiler/lib/intel64 -L/opt/intel/composer_xe_2013.0.079/mkl/lib/intel64 -L/opt/intel/composer_xe_2013.0.079/tbb/lib/intel64 -L. -L/opt/cuda/lib64 -L/home/ward/opt/lib -L/opt/cuda/lib64 -L/home/ward/opt/lib -L/opt/cuda/lib64 -L/home/ward/opt/lib -L/usr/lib/gcc/x86_64-redhat-linux/4.8.2/../../.. CMakeFiles/cmTryCompileExec1791888190.dir/CMakeCCompilerABI.c.o -lgcc --as-needed -lgcc_s --no-as-needed -lc -lgcc --as-needed -lgcc_s --no-as-needed /usr/lib/gcc/x86_64-redhat-linux/4.8.2/crtend.o /usr/lib/gcc/x86_64-redhat-linux/4.8.2/../../../../lib64/crtn.o]
    arg [/usr/libexec/gcc/x86_64-redhat-linux/4.8.2/collect2] ==> ignore
    arg [--build-id] ==> ignore
    arg [--no-add-needed] ==> ignore
    arg [--eh-frame-hdr] ==> ignore
    arg [--hash-style=gnu] ==> ignore
    arg [-m] ==> ignore
    arg [elf_x86_64] ==> ignore
    arg [-export-dynamic] ==> ignore
    arg [-dynamic-linker] ==> ignore
    arg [/lib64/ld-linux-x86-64.so.2] ==> ignore
    arg [-o] ==> ignore
    arg [cmTryCompileExec1791888190] ==> ignore
    arg [/usr/lib/gcc/x86_64-redhat-linux/4.8.2/../../../../lib64/crt1.o] ==> ignore
    arg [/usr/lib/gcc/x86_64-redhat-linux/4.8.2/../../../../lib64/crti.o] ==> ignore
    arg [/usr/lib/gcc/x86_64-redhat-linux/4.8.2/crtbegin.o] ==> ignore
    arg [-L/opt/cuda/lib64/../lib64] ==> dir [/opt/cuda/lib64/../lib64]
    arg [-L/opt/cuda/lib64/../lib64] ==> dir [/opt/cuda/lib64/../lib64]
    arg [-L/opt/cuda/lib64/../lib64] ==> dir [/opt/cuda/lib64/../lib64]
    arg [-L/usr/lib/gcc/x86_64-redhat-linux/4.8.2] ==> dir [/usr/lib/gcc/x86_64-redhat-linux/4.8.2]
    arg [-L/usr/lib/gcc/x86_64-redhat-linux/4.8.2/../../../../lib64] ==> dir [/usr/lib/gcc/x86_64-redhat-linux/4.8.2/../../../../lib64]
    arg [-L/lib/../lib64] ==> dir [/lib/../lib64]
    arg [-L/usr/lib/../lib64] ==> dir [/usr/lib/../lib64]
    arg [-L/opt/intel/composer_xe_2013.0.079/compiler/lib/intel64] ==> dir [/opt/intel/composer_xe_2013.0.079/compiler/lib/intel64]
    arg [-L/opt/intel/composer_xe_2013.0.079/ipp/../compiler/lib/intel64] ==> dir [/opt/intel/composer_xe_2013.0.079/ipp/../compiler/lib/intel64]
    arg [-L/opt/intel/composer_xe_2013.0.079/ipp/lib/intel64] ==> dir [/opt/intel/composer_xe_2013.0.079/ipp/lib/intel64]
    arg [-L/opt/intel/composer_xe_2013.0.079/compiler/lib/intel64] ==> dir [/opt/intel/composer_xe_2013.0.079/compiler/lib/intel64]
    arg [-L/opt/intel/composer_xe_2013.0.079/mkl/lib/intel64] ==> dir [/opt/intel/composer_xe_2013.0.079/mkl/lib/intel64]
    arg [-L/opt/intel/composer_xe_2013.0.079/tbb/lib/intel64] ==> dir [/opt/intel/composer_xe_2013.0.079/tbb/lib/intel64]
    arg [-L/opt/intel/composer_xe_2013.0.079/compiler/lib/intel64] ==> dir [/opt/intel/composer_xe_2013.0.079/compiler/lib/intel64]
    arg [-L/opt/intel/composer_xe_2013.0.079/ipp/../compiler/lib/intel64] ==> dir [/opt/intel/composer_xe_2013.0.079/ipp/../compiler/lib/intel64]
    arg [-L/opt/intel/composer_xe_2013.0.079/ipp/lib/intel64] ==> dir [/opt/intel/composer_xe_2013.0.079/ipp/lib/intel64]
    arg [-L/opt/intel/composer_xe_2013.0.079/compiler/lib/intel64] ==> dir [/opt/intel/composer_xe_2013.0.079/compiler/lib/intel64]
    arg [-L/opt/intel/composer_xe_2013.0.079/mkl/lib/intel64] ==> dir [/opt/intel/composer_xe_2013.0.079/mkl/lib/intel64]
    arg [-L/opt/intel/composer_xe_2013.0.079/tbb/lib/intel64] ==> dir [/opt/intel/composer_xe_2013.0.079/tbb/lib/intel64]
    arg [-L/opt/intel/composer_xe_2013.0.079/compiler/lib/intel64] ==> dir [/opt/intel/composer_xe_2013.0.079/compiler/lib/intel64]
    arg [-L/opt/intel/composer_xe_2013.0.079/ipp/../compiler/lib/intel64] ==> dir [/opt/intel/composer_xe_2013.0.079/ipp/../compiler/lib/intel64]
    arg [-L/opt/intel/composer_xe_2013.0.079/ipp/lib/intel64] ==> dir [/opt/intel/composer_xe_2013.0.079/ipp/lib/intel64]
    arg [-L/opt/intel/composer_xe_2013.0.079/compiler/lib/intel64] ==> dir [/opt/intel/composer_xe_2013.0.079/compiler/lib/intel64]
    arg [-L/opt/intel/composer_xe_2013.0.079/mkl/lib/intel64] ==> dir [/opt/intel/composer_xe_2013.0.079/mkl/lib/intel64]
    arg [-L/opt/intel/composer_xe_2013.0.079/tbb/lib/intel64] ==> dir [/opt/intel/composer_xe_2013.0.079/tbb/lib/intel64]
    arg [-L.] ==> ignore
    arg [-L/opt/cuda/lib64] ==> dir [/opt/cuda/lib64]
    arg [-L/home/ward/opt/lib] ==> dir [/home/ward/opt/lib]
    arg [-L/opt/cuda/lib64] ==> dir [/opt/cuda/lib64]
    arg [-L/home/ward/opt/lib] ==> dir [/home/ward/opt/lib]
    arg [-L/opt/cuda/lib64] ==> dir [/opt/cuda/lib64]
    arg [-L/home/ward/opt/lib] ==> dir [/home/ward/opt/lib]
    arg [-L/usr/lib/gcc/x86_64-redhat-linux/4.8.2/../../..] ==> dir [/usr/lib/gcc/x86_64-redhat-linux/4.8.2/../../..]
    arg [CMakeFiles/cmTryCompileExec1791888190.dir/CMakeCCompilerABI.c.o] ==> ignore
    arg [-lgcc] ==> lib [gcc]
    arg [--as-needed] ==> ignore
    arg [-lgcc_s] ==> lib [gcc_s]
    arg [--no-as-needed] ==> ignore
    arg [-lc] ==> lib [c]
    arg [-lgcc] ==> lib [gcc]
    arg [--as-needed] ==> ignore
    arg [-lgcc_s] ==> lib [gcc_s]
    arg [--no-as-needed] ==> ignore
    arg [/usr/lib/gcc/x86_64-redhat-linux/4.8.2/crtend.o] ==> ignore
    arg [/usr/lib/gcc/x86_64-redhat-linux/4.8.2/../../../../lib64/crtn.o] ==> ignore
  remove lib [gcc]
  remove lib [gcc_s]
  remove lib [gcc]
  remove lib [gcc_s]
  collapse library dir [/opt/cuda/lib64/../lib64] ==> [/opt/cuda/lib64]
  collapse library dir [/opt/cuda/lib64/../lib64] ==> [/opt/cuda/lib64]
  collapse library dir [/opt/cuda/lib64/../lib64] ==> [/opt/cuda/lib64]
  collapse library dir [/usr/lib/gcc/x86_64-redhat-linux/4.8.2] ==> [/usr/lib/gcc/x86_64-redhat-linux/4.8.2]
  collapse library dir [/usr/lib/gcc/x86_64-redhat-linux/4.8.2/../../../../lib64] ==> [/usr/lib64]
  collapse library dir [/lib/../lib64] ==> [/lib64]
  collapse library dir [/usr/lib/../lib64] ==> [/usr/lib64]
  collapse library dir [/opt/intel/composer_xe_2013.0.079/compiler/lib/intel64] ==> [/opt/intel/composer_xe_2013.0.079/compiler/lib/intel64]
  collapse library dir [/opt/intel/composer_xe_2013.0.079/ipp/../compiler/lib/intel64] ==> [/opt/intel/composer_xe_2013.0.079/compiler/lib/intel64]
  collapse library dir [/opt/intel/composer_xe_2013.0.079/ipp/lib/intel64] ==> [/opt/intel/composer_xe_2013.0.079/ipp/lib/intel64]
  collapse library dir [/opt/intel/composer_xe_2013.0.079/compiler/lib/intel64] ==> [/opt/intel/composer_xe_2013.0.079/compiler/lib/intel64]
  collapse library dir [/opt/intel/composer_xe_2013.0.079/mkl/lib/intel64] ==> [/opt/intel/composer_xe_2013.0.079/mkl/lib/intel64]
  collapse library dir [/opt/intel/composer_xe_2013.0.079/tbb/lib/intel64] ==> [/opt/intel/composer_xe_2013.0.079/tbb/lib/intel64]
  collapse library dir [/opt/intel/composer_xe_2013.0.079/compiler/lib/intel64] ==> [/opt/intel/composer_xe_2013.0.079/compiler/lib/intel64]
  collapse library dir [/opt/intel/composer_xe_2013.0.079/ipp/../compiler/lib/intel64] ==> [/opt/intel/composer_xe_2013.0.079/compiler/lib/intel64]
  collapse library dir [/opt/intel/composer_xe_2013.0.079/ipp/lib/intel64] ==> [/opt/intel/composer_xe_2013.0.079/ipp/lib/intel64]
  collapse library dir [/opt/intel/composer_xe_2013.0.079/compiler/lib/intel64] ==> [/opt/intel/composer_xe_2013.0.079/compiler/lib/intel64]
  collapse library dir [/opt/intel/composer_xe_2013.0.079/mkl/lib/intel64] ==> [/opt/intel/composer_xe_2013.0.079/mkl/lib/intel64]
  collapse library dir [/opt/intel/composer_xe_2013.0.079/tbb/lib/intel64] ==> [/opt/intel/composer_xe_2013.0.079/tbb/lib/intel64]
  collapse library dir [/opt/intel/composer_xe_2013.0.079/compiler/lib/intel64] ==> [/opt/intel/composer_xe_2013.0.079/compiler/lib/intel64]
  collapse library dir [/opt/intel/composer_xe_2013.0.079/ipp/../compiler/lib/intel64] ==> [/opt/intel/composer_xe_2013.0.079/compiler/lib/intel64]
  collapse library dir [/opt/intel/composer_xe_2013.0.079/ipp/lib/intel64] ==> [/opt/intel/composer_xe_2013.0.079/ipp/lib/intel64]
  collapse library dir [/opt/intel/composer_xe_2013.0.079/compiler/lib/intel64] ==> [/opt/intel/composer_xe_2013.0.079/compiler/lib/intel64]
  collapse library dir [/opt/intel/composer_xe_2013.0.079/mkl/lib/intel64] ==> [/opt/intel/composer_xe_2013.0.079/mkl/lib/intel64]
  collapse library dir [/opt/intel/composer_xe_2013.0.079/tbb/lib/intel64] ==> [/opt/intel/composer_xe_2013.0.079/tbb/lib/intel64]
  collapse library dir [/opt/cuda/lib64] ==> [/opt/cuda/lib64]
  collapse library dir [/home/ward/opt/lib] ==> [/home/ward/opt/lib]
  collapse library dir [/opt/cuda/lib64] ==> [/opt/cuda/lib64]
  collapse library dir [/home/ward/opt/lib] ==> [/home/ward/opt/lib]
  collapse library dir [/opt/cuda/lib64] ==> [/opt/cuda/lib64]
  collapse library dir [/home/ward/opt/lib] ==> [/home/ward/opt/lib]
  collapse library dir [/usr/lib/gcc/x86_64-redhat-linux/4.8.2/../../..] ==> [/usr/lib]
  implicit libs: [c]
  implicit dirs: [/opt/cuda/lib64;/usr/lib/gcc/x86_64-redhat-linux/4.8.2;/usr/lib64;/lib64;/opt/intel/composer_xe_2013.0.079/compiler/lib/intel64;/opt/intel/composer_xe_2013.0.079/ipp/lib/intel64;/opt/intel/composer_xe_2013.0.079/mkl/lib/intel64;/opt/intel/composer_xe_2013.0.079/tbb/lib/intel64;/home/ward/opt/lib;/usr/lib]
  implicit fwks: []


Determining if the CXX compiler works passed with the following output:
Change Dir: /home/ward/Documents/phd/CheMPS2/build/CMakeFiles/CMakeTmp

Run Build Command:/usr/bin/gmake "cmTryCompileExec1300771704/fast"
/usr/bin/gmake -f CMakeFiles/cmTryCompileExec1300771704.dir/build.make CMakeFiles/cmTryCompileExec1300771704.dir/build
gmake[1]: Entering directory `/home/ward/Documents/phd/CheMPS2/build/CMakeFiles/CMakeTmp'
/usr/bin/cmake -E cmake_progress_report /home/ward/Documents/phd/CheMPS2/build/CMakeFiles/CMakeTmp/CMakeFiles 1
Building CXX object CMakeFiles/cmTryCompileExec1300771704.dir/testCXXCompiler.cxx.o
/usr/lib64/ccache/c++     -o CMakeFiles/cmTryCompileExec1300771704.dir/testCXXCompiler.cxx.o -c /home/ward/Documents/phd/CheMPS2/build/CMakeFiles/CMakeTmp/testCXXCompiler.cxx
Linking CXX executable cmTryCompileExec1300771704
/usr/bin/cmake -E cmake_link_script CMakeFiles/cmTryCompileExec1300771704.dir/link.txt --verbose=1
/usr/lib64/ccache/c++        CMakeFiles/cmTryCompileExec1300771704.dir/testCXXCompiler.cxx.o  -o cmTryCompileExec1300771704 -rdynamic 
gmake[1]: Leaving directory `/home/ward/Documents/phd/CheMPS2/build/CMakeFiles/CMakeTmp'


Detecting CXX compiler ABI info compiled with the following output:
Change Dir: /home/ward/Documents/phd/CheMPS2/build/CMakeFiles/CMakeTmp

Run Build Command:/usr/bin/gmake "cmTryCompileExec2856299930/fast"
/usr/bin/gmake -f CMakeFiles/cmTryCompileExec2856299930.dir/build.make CMakeFiles/cmTryCompileExec2856299930.dir/build
gmake[1]: Entering directory `/home/ward/Documents/phd/CheMPS2/build/CMakeFiles/CMakeTmp'
/usr/bin/cmake -E cmake_progress_report /home/ward/Documents/phd/CheMPS2/build/CMakeFiles/CMakeTmp/CMakeFiles 1
Building CXX object CMakeFiles/cmTryCompileExec2856299930.dir/CMakeCXXCompilerABI.cpp.o
/usr/lib64/ccache/c++     -o CMakeFiles/cmTryCompileExec2856299930.dir/CMakeCXXCompilerABI.cpp.o -c /usr/share/cmake/Modules/CMakeCXXCompilerABI.cpp
Linking CXX executable cmTryCompileExec2856299930
/usr/bin/cmake -E cmake_link_script CMakeFiles/cmTryCompileExec2856299930.dir/link.txt --verbose=1
/usr/lib64/ccache/c++      -v CMakeFiles/cmTryCompileExec2856299930.dir/CMakeCXXCompilerABI.cpp.o  -o cmTryCompileExec2856299930 -rdynamic  
Using built-in specs.
COLLECT_GCC=/usr/bin/c++
COLLECT_LTO_WRAPPER=/usr/libexec/gcc/x86_64-redhat-linux/4.8.2/lto-wrapper
Target: x86_64-redhat-linux
Configured with: ../configure --prefix=/usr --mandir=/usr/share/man --infodir=/usr/share/info --with-bugurl=http://bugzilla.redhat.com/bugzilla --enable-bootstrap --enable-shared --enable-threads=posix --enable-checking=release --with-system-zlib --enable-__cxa_atexit --disable-libunwind-exceptions --enable-gnu-unique-object --enable-linker-build-id --with-linker-hash-style=gnu --enable-languages=c,c++,objc,obj-c++,java,fortran,ada,go,lto --enable-plugin --enable-initfini-array --enable-java-awt=gtk --disable-dssi --with-java-home=/usr/lib/jvm/java-1.5.0-gcj-1.5.0.0/jre --enable-libgcj-multifile --enable-java-maintainer-mode --with-ecj-jar=/usr/share/java/eclipse-ecj.jar --disable-libjava-multilib --with-isl=/builddir/build/BUILD/gcc-4.8.2-20131017/obj-x86_64-redhat-linux/isl-install --with-cloog=/builddir/build/BUILD/gcc-4.8.2-20131017/obj-x86_64-redhat-linux/cloog-install --with-tune=generic --with-arch_32=i686 --build=x86_64-redhat-linux
Thread model: posix
gcc version 4.8.2 20131017 (Red Hat 4.8.2-1) (GCC) 
COMPILER_PATH=/usr/libexec/gcc/x86_64-redhat-linux/4.8.2/:/usr/libexec/gcc/x86_64-redhat-linux/4.8.2/:/usr/libexec/gcc/x86_64-redhat-linux/:/usr/lib/gcc/x86_64-redhat-linux/4.8.2/:/usr/lib/gcc/x86_64-redhat-linux/
LIBRARY_PATH=/opt/cuda/lib64/../lib64/:/opt/cuda/lib64/../lib64/:/opt/cuda/lib64/../lib64/:/usr/lib/gcc/x86_64-redhat-linux/4.8.2/:/usr/lib/gcc/x86_64-redhat-linux/4.8.2/../../../../lib64/:/lib/../lib64/:/usr/lib/../lib64/:/opt/intel/composer_xe_2013.0.079/compiler/lib/intel64/:/opt/intel/composer_xe_2013.0.079/ipp/../compiler/lib/intel64/:/opt/intel/composer_xe_2013.0.079/ipp/lib/intel64/:/opt/intel/composer_xe_2013.0.079/compiler/lib/intel64/:/opt/intel/composer_xe_2013.0.079/mkl/lib/intel64/:/opt/intel/composer_xe_2013.0.079/tbb/lib/intel64/:/opt/intel/composer_xe_2013.0.079/compiler/lib/intel64/:/opt/intel/composer_xe_2013.0.079/ipp/../compiler/lib/intel64/:/opt/intel/composer_xe_2013.0.079/ipp/lib/intel64/:/opt/intel/composer_xe_2013.0.079/compiler/lib/intel64/:/opt/intel/composer_xe_2013.0.079/mkl/lib/intel64/:/opt/intel/composer_xe_2013.0.079/tbb/lib/intel64/:/opt/intel/composer_xe_2013.0.079/compiler/lib/intel64/:/opt/intel/composer_xe_2013.0.079/ipp/../compiler/lib/intel64/:/opt/intel/composer_xe_2013.0.079/ipp/lib/intel64/:/opt/intel/composer_xe_2013.0.079/compiler/lib/intel64/:/opt/intel/composer_xe_2013.0.079/mkl/lib/intel64/:/opt/intel/composer_xe_2013.0.079/tbb/lib/intel64/:./:/opt/cuda/lib64/:/home/ward/opt/lib/:/opt/cuda/lib64/:/home/ward/opt/lib/:/opt/cuda/lib64/:/home/ward/opt/lib/:/usr/lib/gcc/x86_64-redhat-linux/4.8.2/../../../:/lib/:/usr/lib/
COLLECT_GCC_OPTIONS='-v' '-o' 'cmTryCompileExec2856299930' '-rdynamic' '-shared-libgcc' '-mtune=generic' '-march=x86-64'
 /usr/libexec/gcc/x86_64-redhat-linux/4.8.2/collect2 --build-id --no-add-needed --eh-frame-hdr --hash-style=gnu -m elf_x86_64 -export-dynamic -dynamic-linker /lib64/ld-linux-x86-64.so.2 -o cmTryCompileExec2856299930 /usr/lib/gcc/x86_64-redhat-linux/4.8.2/../../../../lib64/crt1.o /usr/lib/gcc/x86_64-redhat-linux/4.8.2/../../../../lib64/crti.o /usr/lib/gcc/x86_64-redhat-linux/4.8.2/crtbegin.o -L/opt/cuda/lib64/../lib64 -L/opt/cuda/lib64/../lib64 -L/opt/cuda/lib64/../lib64 -L/usr/lib/gcc/x86_64-redhat-linux/4.8.2 -L/usr/lib/gcc/x86_64-redhat-linux/4.8.2/../../../../lib64 -L/lib/../lib64 -L/usr/lib/../lib64 -L/opt/intel/composer_xe_2013.0.079/compiler/lib/intel64 -L/opt/intel/composer_xe_2013.0.079/ipp/../compiler/lib/intel64 -L/opt/intel/composer_xe_2013.0.079/ipp/lib/intel64 -L/opt/intel/composer_xe_2013.0.079/compiler/lib/intel64 -L/opt/intel/composer_xe_2013.0.079/mkl/lib/intel64 -L/opt/intel/composer_xe_2013.0.079/tbb/lib/intel64 -L/opt/intel/composer_xe_2013.0.079/compiler/lib/intel64 -L/opt/intel/composer_xe_2013.0.079/ipp/../compiler/lib/intel64 -L/opt/intel/composer_xe_2013.0.079/ipp/lib/intel64 -L/opt/intel/composer_xe_2013.0.079/compiler/lib/intel64 -L/opt/intel/composer_xe_2013.0.079/mkl/lib/intel64 -L/opt/intel/composer_xe_2013.0.079/tbb/lib/intel64 -L/opt/intel/composer_xe_2013.0.079/compiler/lib/intel64 -L/opt/intel/composer_xe_2013.0.079/ipp/../compiler/lib/intel64 -L/opt/intel/composer_xe_2013.0.079/ipp/lib/intel64 -L/opt/intel/composer_xe_2013.0.079/compiler/lib/intel64 -L/opt/intel/composer_xe_2013.0.079/mkl/lib/intel64 -L/opt/intel/composer_xe_2013.0.079/tbb/lib/intel64 -L. -L/opt/cuda/lib64 -L/home/ward/opt/lib -L/opt/cuda/lib64 -L/home/ward/opt/lib -L/opt/cuda/lib64 -L/home/ward/opt/lib -L/usr/lib/gcc/x86_64-redhat-linux/4.8.2/../../.. CMakeFiles/cmTryCompileExec2856299930.dir/CMakeCXXCompilerABI.cpp.o -lstdc++ -lm -lgcc_s -lgcc -lc -lgcc_s -lgcc /usr/lib/gcc/x86_64-redhat-linux/4.8.2/crtend.o /usr/lib/gcc/x86_64-redhat-linux/4.8.2/../../../../lib64/crtn.o
gmake[1]: Leaving directory `/home/ward/Documents/phd/CheMPS2/build/CMakeFiles/CMakeTmp'


Parsed CXX implicit link information from above output:
  link line regex: [^( *|.*[/\])(ld|([^/\]+-)?ld|collect2)[^/\]*( |$)]
  ignore line: [Change Dir: /home/ward/Documents/phd/CheMPS2/build/CMakeFiles/CMakeTmp]
  ignore line: []
  ignore line: [Run Build Command:/usr/bin/gmake "cmTryCompileExec2856299930/fast"]
  ignore line: [/usr/bin/gmake -f CMakeFiles/cmTryCompileExec2856299930.dir/build.make CMakeFiles/cmTryCompileExec2856299930.dir/build]
  ignore line: [gmake[1]: Entering directory `/home/ward/Documents/phd/CheMPS2/build/CMakeFiles/CMakeTmp']
  ignore line: [/usr/bin/cmake -E cmake_progress_report /home/ward/Documents/phd/CheMPS2/build/CMakeFiles/CMakeTmp/CMakeFiles 1]
  ignore line: [Building CXX object CMakeFiles/cmTryCompileExec2856299930.dir/CMakeCXXCompilerABI.cpp.o]
  ignore line: [/usr/lib64/ccache/c++     -o CMakeFiles/cmTryCompileExec2856299930.dir/CMakeCXXCompilerABI.cpp.o -c /usr/share/cmake/Modules/CMakeCXXCompilerABI.cpp]
  ignore line: [Linking CXX executable cmTryCompileExec2856299930]
  ignore line: [/usr/bin/cmake -E cmake_link_script CMakeFiles/cmTryCompileExec2856299930.dir/link.txt --verbose=1]
  ignore line: [/usr/lib64/ccache/c++      -v CMakeFiles/cmTryCompileExec2856299930.dir/CMakeCXXCompilerABI.cpp.o  -o cmTryCompileExec2856299930 -rdynamic  ]
  ignore line: [Using built-in specs.]
  ignore line: [COLLECT_GCC=/usr/bin/c++]
  ignore line: [COLLECT_LTO_WRAPPER=/usr/libexec/gcc/x86_64-redhat-linux/4.8.2/lto-wrapper]
  ignore line: [Target: x86_64-redhat-linux]
  ignore line: [Configured with: ../configure --prefix=/usr --mandir=/usr/share/man --infodir=/usr/share/info --with-bugurl=http://bugzilla.redhat.com/bugzilla --enable-bootstrap --enable-shared --enable-threads=posix --enable-checking=release --with-system-zlib --enable-__cxa_atexit --disable-libunwind-exceptions --enable-gnu-unique-object --enable-linker-build-id --with-linker-hash-style=gnu --enable-languages=c,c++,objc,obj-c++,java,fortran,ada,go,lto --enable-plugin --enable-initfini-array --enable-java-awt=gtk --disable-dssi --with-java-home=/usr/lib/jvm/java-1.5.0-gcj-1.5.0.0/jre --enable-libgcj-multifile --enable-java-maintainer-mode --with-ecj-jar=/usr/share/java/eclipse-ecj.jar --disable-libjava-multilib --with-isl=/builddir/build/BUILD/gcc-4.8.2-20131017/obj-x86_64-redhat-linux/isl-install --with-cloog=/builddir/build/BUILD/gcc-4.8.2-20131017/obj-x86_64-redhat-linux/cloog-install --with-tune=generic --with-arch_32=i686 --build=x86_64-redhat-linux]
  ignore line: [Thread model: posix]
  ignore line: [gcc version 4.8.2 20131017 (Red Hat 4.8.2-1) (GCC) ]
  ignore line: [COMPILER_PATH=/usr/libexec/gcc/x86_64-redhat-linux/4.8.2/:/usr/libexec/gcc/x86_64-redhat-linux/4.8.2/:/usr/libexec/gcc/x86_64-redhat-linux/:/usr/lib/gcc/x86_64-redhat-linux/4.8.2/:/usr/lib/gcc/x86_64-redhat-linux/]
  ignore line: [LIBRARY_PATH=/opt/cuda/lib64/../lib64/:/opt/cuda/lib64/../lib64/:/opt/cuda/lib64/../lib64/:/usr/lib/gcc/x86_64-redhat-linux/4.8.2/:/usr/lib/gcc/x86_64-redhat-linux/4.8.2/../../../../lib64/:/lib/../lib64/:/usr/lib/../lib64/:/opt/intel/composer_xe_2013.0.079/compiler/lib/intel64/:/opt/intel/composer_xe_2013.0.079/ipp/../compiler/lib/intel64/:/opt/intel/composer_xe_2013.0.079/ipp/lib/intel64/:/opt/intel/composer_xe_2013.0.079/compiler/lib/intel64/:/opt/intel/composer_xe_2013.0.079/mkl/lib/intel64/:/opt/intel/composer_xe_2013.0.079/tbb/lib/intel64/:/opt/intel/composer_xe_2013.0.079/compiler/lib/intel64/:/opt/intel/composer_xe_2013.0.079/ipp/../compiler/lib/intel64/:/opt/intel/composer_xe_2013.0.079/ipp/lib/intel64/:/opt/intel/composer_xe_2013.0.079/compiler/lib/intel64/:/opt/intel/composer_xe_2013.0.079/mkl/lib/intel64/:/opt/intel/composer_xe_2013.0.079/tbb/lib/intel64/:/opt/intel/composer_xe_2013.0.079/compiler/lib/intel64/:/opt/intel/composer_xe_2013.0.079/ipp/../compiler/lib/intel64/:/opt/intel/composer_xe_2013.0.079/ipp/lib/intel64/:/opt/intel/composer_xe_2013.0.079/compiler/lib/intel64/:/opt/intel/composer_xe_2013.0.079/mkl/lib/intel64/:/opt/intel/composer_xe_2013.0.079/tbb/lib/intel64/:./:/opt/cuda/lib64/:/home/ward/opt/lib/:/opt/cuda/lib64/:/home/ward/opt/lib/:/opt/cuda/lib64/:/home/ward/opt/lib/:/usr/lib/gcc/x86_64-redhat-linux/4.8.2/../../../:/lib/:/usr/lib/]
  ignore line: [COLLECT_GCC_OPTIONS='-v' '-o' 'cmTryCompileExec2856299930' '-rdynamic' '-shared-libgcc' '-mtune=generic' '-march=x86-64']
  link line: [ /usr/libexec/gcc/x86_64-redhat-linux/4.8.2/collect2 --build-id --no-add-needed --eh-frame-hdr --hash-style=gnu -m elf_x86_64 -export-dynamic -dynamic-linker /lib64/ld-linux-x86-64.so.2 -o cmTryCompileExec2856299930 /usr/lib/gcc/x86_64-redhat-linux/4.8.2/../../../../lib64/crt1.o /usr/lib/gcc/x86_64-redhat-linux/4.8.2/../../../../lib64/crti.o /usr/lib/gcc/x86_64-redhat-linux/4.8.2/crtbegin.o -L/opt/cuda/lib64/../lib64 -L/opt/cuda/lib64/../lib64 -L/opt/cuda/lib64/../lib64 -L/usr/lib/gcc/x86_64-redhat-linux/4.8.2 -L/usr/lib/gcc/x86_64-redhat-linux/4.8.2/../../../../lib64 -L/lib/../lib64 -L/usr/lib/../lib64 -L/opt/intel/composer_xe_2013.0.079/compiler/lib/intel64 -L/opt/intel/composer_xe_2013.0.079/ipp/../compiler/lib/intel64 -L/opt/intel/composer_xe_2013.0.079/ipp/lib/intel64 -L/opt/intel/composer_xe_2013.0.079/compiler/lib/intel64 -L/opt/intel/composer_xe_2013.0.079/mkl/lib/intel64 -L/opt/intel/composer_xe_2013.0.079/tbb/lib/intel64 -L/opt/intel/composer_xe_2013.0.079/compiler/lib/intel64 -L/opt/intel/composer_xe_2013.0.079/ipp/../compiler/lib/intel64 -L/opt/intel/composer_xe_2013.0.079/ipp/lib/intel64 -L/opt/intel/composer_xe_2013.0.079/compiler/lib/intel64 -L/opt/intel/composer_xe_2013.0.079/mkl/lib/intel64 -L/opt/intel/composer_xe_2013.0.079/tbb/lib/intel64 -L/opt/intel/composer_xe_2013.0.079/compiler/lib/intel64 -L/opt/intel/composer_xe_2013.0.079/ipp/../compiler/lib/intel64 -L/opt/intel/composer_xe_2013.0.079/ipp/lib/intel64 -L/opt/intel/composer_xe_2013.0.079/compiler/lib/intel64 -L/opt/intel/composer_xe_2013.0.079/mkl/lib/intel64 -L/opt/intel/composer_xe_2013.0.079/tbb/lib/intel64 -L. -L/opt/cuda/lib64 -L/home/ward/opt/lib -L/opt/cuda/lib64 -L/home/ward/opt/lib -L/opt/cuda/lib64 -L/home/ward/opt/lib -L/usr/lib/gcc/x86_64-redhat-linux/4.8.2/../../.. CMakeFiles/cmTryCompileExec2856299930.dir/CMakeCXXCompilerABI.cpp.o -lstdc++ -lm -lgcc_s -lgcc -lc -lgcc_s -lgcc /usr/lib/gcc/x86_64-redhat-linux/4.8.2/crtend.o /usr/lib/gcc/x86_64-redhat-linux/4.8.2/../../../../lib64/crtn.o]
    arg [/usr/libexec/gcc/x86_64-redhat-linux/4.8.2/collect2] ==> ignore
    arg [--build-id] ==> ignore
    arg [--no-add-needed] ==> ignore
    arg [--eh-frame-hdr] ==> ignore
    arg [--hash-style=gnu] ==> ignore
    arg [-m] ==> ignore
    arg [elf_x86_64] ==> ignore
    arg [-export-dynamic] ==> ignore
    arg [-dynamic-linker] ==> ignore
    arg [/lib64/ld-linux-x86-64.so.2] ==> ignore
    arg [-o] ==> ignore
    arg [cmTryCompileExec2856299930] ==> ignore
    arg [/usr/lib/gcc/x86_64-redhat-linux/4.8.2/../../../../lib64/crt1.o] ==> ignore
    arg [/usr/lib/gcc/x86_64-redhat-linux/4.8.2/../../../../lib64/crti.o] ==> ignore
    arg [/usr/lib/gcc/x86_64-redhat-linux/4.8.2/crtbegin.o] ==> ignore
    arg [-L/opt/cuda/lib64/../lib64] ==> dir [/opt/cuda/lib64/../lib64]
    arg [-L/opt/cuda/lib64/../lib64] ==> dir [/opt/cuda/lib64/../lib64]
    arg [-L/opt/cuda/lib64/../lib64] ==> dir [/opt/cuda/lib64/../lib64]
    arg [-L/usr/lib/gcc/x86_64-redhat-linux/4.8.2] ==> dir [/usr/lib/gcc/x86_64-redhat-linux/4.8.2]
    arg [-L/usr/lib/gcc/x86_64-redhat-linux/4.8.2/../../../../lib64] ==> dir [/usr/lib/gcc/x86_64-redhat-linux/4.8.2/../../../../lib64]
    arg [-L/lib/../lib64] ==> dir [/lib/../lib64]
    arg [-L/usr/lib/../lib64] ==> dir [/usr/lib/../lib64]
    arg [-L/opt/intel/composer_xe_2013.0.079/compiler/lib/intel64] ==> dir [/opt/intel/composer_xe_2013.0.079/compiler/lib/intel64]
    arg [-L/opt/intel/composer_xe_2013.0.079/ipp/../compiler/lib/intel64] ==> dir [/opt/intel/composer_xe_2013.0.079/ipp/../compiler/lib/intel64]
    arg [-L/opt/intel/composer_xe_2013.0.079/ipp/lib/intel64] ==> dir [/opt/intel/composer_xe_2013.0.079/ipp/lib/intel64]
    arg [-L/opt/intel/composer_xe_2013.0.079/compiler/lib/intel64] ==> dir [/opt/intel/composer_xe_2013.0.079/compiler/lib/intel64]
    arg [-L/opt/intel/composer_xe_2013.0.079/mkl/lib/intel64] ==> dir [/opt/intel/composer_xe_2013.0.079/mkl/lib/intel64]
    arg [-L/opt/intel/composer_xe_2013.0.079/tbb/lib/intel64] ==> dir [/opt/intel/composer_xe_2013.0.079/tbb/lib/intel64]
    arg [-L/opt/intel/composer_xe_2013.0.079/compiler/lib/intel64] ==> dir [/opt/intel/composer_xe_2013.0.079/compiler/lib/intel64]
    arg [-L/opt/intel/composer_xe_2013.0.079/ipp/../compiler/lib/intel64] ==> dir [/opt/intel/composer_xe_2013.0.079/ipp/../compiler/lib/intel64]
    arg [-L/opt/intel/composer_xe_2013.0.079/ipp/lib/intel64] ==> dir [/opt/intel/composer_xe_2013.0.079/ipp/lib/intel64]
    arg [-L/opt/intel/composer_xe_2013.0.079/compiler/lib/intel64] ==> dir [/opt/intel/composer_xe_2013.0.079/compiler/lib/intel64]
    arg [-L/opt/intel/composer_xe_2013.0.079/mkl/lib/intel64] ==> dir [/opt/intel/composer_xe_2013.0.079/mkl/lib/intel64]
    arg [-L/opt/intel/composer_xe_2013.0.079/tbb/lib/intel64] ==> dir [/opt/intel/composer_xe_2013.0.079/tbb/lib/intel64]
    arg [-L/opt/intel/composer_xe_2013.0.079/compiler/lib/intel64] ==> dir [/opt/intel/composer_xe_2013.0.079/compiler/lib/intel64]
    arg [-L/opt/intel/composer_xe_2013.0.079/ipp/../compiler/lib/intel64] ==> dir [/opt/intel/composer_xe_2013.0.079/ipp/../compiler/lib/intel64]
    arg [-L/opt/intel/composer_xe_2013.0.079/ipp/lib/intel64] ==> dir [/opt/intel/composer_xe_2013.0.079/ipp/lib/intel64]
    arg [-L/opt/intel/composer_xe_2013.0.079/compiler/lib/intel64] ==> dir [/opt/intel/composer_xe_2013.0.079/compiler/lib/intel64]
    arg [-L/opt/intel/composer_xe_2013.0.079/mkl/lib/intel64] ==> dir [/opt/intel/composer_xe_2013.0.079/mkl/lib/intel64]
    arg [-L/opt/intel/composer_xe_2013.0.079/tbb/lib/intel64] ==> dir [/opt/intel/composer_xe_2013.0.079/tbb/lib/intel64]
    arg [-L.] ==> ignore
    arg [-L/opt/cuda/lib64] ==> dir [/opt/cuda/lib64]
    arg [-L/home/ward/opt/lib] ==> dir [/home/ward/opt/lib]
    arg [-L/opt/cuda/lib64] ==> dir [/opt/cuda/lib64]
    arg [-L/home/ward/opt/lib] ==> dir [/home/ward/opt/lib]
    arg [-L/opt/cuda/lib64] ==> dir [/opt/cuda/lib64]
    arg [-L/home/ward/opt/lib] ==> dir [/home/ward/opt/lib]
    arg [-L/usr/lib/gcc/x86_64-redhat-linux/4.8.2/../../..] ==> dir [/usr/lib/gcc/x86_64-redhat-linux/4.8.2/../../..]
    arg [CMakeFiles/cmTryCompileExec2856299930.dir/CMakeCXXCompilerABI.cpp.o] ==> ignore
    arg [-lstdc++] ==> lib [stdc++]
    arg [-lm] ==> lib [m]
    arg [-lgcc_s] ==> lib [gcc_s]
    arg [-lgcc] ==> lib [gcc]
    arg [-lc] ==> lib [c]
    arg [-lgcc_s] ==> lib [gcc_s]
    arg [-lgcc] ==> lib [gcc]
    arg [/usr/lib/gcc/x86_64-redhat-linux/4.8.2/crtend.o] ==> ignore
    arg [/usr/lib/gcc/x86_64-redhat-linux/4.8.2/../../../../lib64/crtn.o] ==> ignore
  remove lib [gcc_s]
  remove lib [gcc]
  remove lib [gcc_s]
  remove lib [gcc]
  collapse library dir [/opt/cuda/lib64/../lib64] ==> [/opt/cuda/lib64]
  collapse library dir [/opt/cuda/lib64/../lib64] ==> [/opt/cuda/lib64]
  collapse library dir [/opt/cuda/lib64/../lib64] ==> [/opt/cuda/lib64]
  collapse library dir [/usr/lib/gcc/x86_64-redhat-linux/4.8.2] ==> [/usr/lib/gcc/x86_64-redhat-linux/4.8.2]
  collapse library dir [/usr/lib/gcc/x86_64-redhat-linux/4.8.2/../../../../lib64] ==> [/usr/lib64]
  collapse library dir [/lib/../lib64] ==> [/lib64]
  collapse library dir [/usr/lib/../lib64] ==> [/usr/lib64]
  collapse library dir [/opt/intel/composer_xe_2013.0.079/compiler/lib/intel64] ==> [/opt/intel/composer_xe_2013.0.079/compiler/lib/intel64]
  collapse library dir [/opt/intel/composer_xe_2013.0.079/ipp/../compiler/lib/intel64] ==> [/opt/intel/composer_xe_2013.0.079/compiler/lib/intel64]
  collapse library dir [/opt/intel/composer_xe_2013.0.079/ipp/lib/intel64] ==> [/opt/intel/composer_xe_2013.0.079/ipp/lib/intel64]
  collapse library dir [/opt/intel/composer_xe_2013.0.079/compiler/lib/intel64] ==> [/opt/intel/composer_xe_2013.0.079/compiler/lib/intel64]
  collapse library dir [/opt/intel/composer_xe_2013.0.079/mkl/lib/intel64] ==> [/opt/intel/composer_xe_2013.0.079/mkl/lib/intel64]
  collapse library dir [/opt/intel/composer_xe_2013.0.079/tbb/lib/intel64] ==> [/opt/intel/composer_xe_2013.0.079/tbb/lib/intel64]
  collapse library dir [/opt/intel/composer_xe_2013.0.079/compiler/lib/intel64] ==> [/opt/intel/composer_xe_2013.0.079/compiler/lib/intel64]
  collapse library dir [/opt/intel/composer_xe_2013.0.079/ipp/../compiler/lib/intel64] ==> [/opt/intel/composer_xe_2013.0.079/compiler/lib/intel64]
  collapse library dir [/opt/intel/composer_xe_2013.0.079/ipp/lib/intel64] ==> [/opt/intel/composer_xe_2013.0.079/ipp/lib/intel64]
  collapse library dir [/opt/intel/composer_xe_2013.0.079/compiler/lib/intel64] ==> [/opt/intel/composer_xe_2013.0.079/compiler/lib/intel64]
  collapse library dir [/opt/intel/composer_xe_2013.0.079/mkl/lib/intel64] ==> [/opt/intel/composer_xe_2013.0.079/mkl/lib/intel64]
  collapse library dir [/opt/intel/composer_xe_2013.0.079/tbb/lib/intel64] ==> [/opt/intel/composer_xe_2013.0.079/tbb/lib/intel64]
  collapse library dir [/opt/intel/composer_xe_2013.0.079/compiler/lib/intel64] ==> [/opt/intel/composer_xe_2013.0.079/compiler/lib/intel64]
  collapse library dir [/opt/intel/composer_xe_2013.0.079/ipp/../compiler/lib/intel64] ==> [/opt/intel/composer_xe_2013.0.079/compiler/lib/intel64]
  collapse library dir [/opt/intel/composer_xe_2013.0.079/ipp/lib/intel64] ==> [/opt/intel/composer_xe_2013.0.079/ipp/lib/intel64]
  collapse library dir [/opt/intel/composer_xe_2013.0.079/compiler/lib/intel64] ==> [/opt/intel/composer_xe_2013.0.079/compiler/lib/intel64]
  collapse library dir [/opt/intel/composer_xe_2013.0.079/mkl/lib/intel64] ==> [/opt/intel/composer_xe_2013.0.079/mkl/lib/intel64]
  collapse library dir [/opt/intel/composer_xe_2013.0.079/tbb/lib/intel64] ==> [/opt/intel/composer_xe_2013.0.079/tbb/lib/intel64]
  collapse library dir [/opt/cuda/lib64] ==> [/opt/cuda/lib64]
  collapse library dir [/home/ward/opt/lib] ==> [/home/ward/opt/lib]
  collapse library dir [/opt/cuda/lib64] ==> [/opt/cuda/lib64]
  collapse library dir [/home/ward/opt/lib] ==> [/home/ward/opt/lib]
  collapse library dir [/opt/cuda/lib64] ==> [/opt/cuda/lib64]
  collapse library dir [/home/ward/opt/lib] ==> [/home/ward/opt/lib]
  collapse library dir [/usr/lib/gcc/x86_64-redhat-linux/4.8.2/../../..] ==> [/usr/lib]
  implicit libs: [stdc++;m;c]
  implicit dirs: [/opt/cuda/lib64;/usr/lib/gcc/x86_64-redhat-linux/4.8.2;/usr/lib64;/lib64;/opt/intel/composer_xe_2013.0.079/compiler/lib/intel64;/opt/intel/composer_xe_2013.0.079/ipp/lib/intel64;/opt/intel/composer_xe_2013.0.079/mkl/lib/intel64;/opt/intel/composer_xe_2013.0.079/tbb/lib/intel64;/home/ward/opt/lib;/usr/lib]
  implicit fwks: []


Performing C SOURCE FILE Test OpenMP_FLAG_DETECTED succeded with the following output:
Change Dir: /home/ward/Documents/phd/CheMPS2/build/CMakeFiles/CMakeTmp

Run Build Command:/usr/bin/gmake "cmTryCompileExec1293179083/fast"
/usr/bin/gmake -f CMakeFiles/cmTryCompileExec1293179083.dir/build.make CMakeFiles/cmTryCompileExec1293179083.dir/build
gmake[1]: Entering directory `/home/ward/Documents/phd/CheMPS2/build/CMakeFiles/CMakeTmp'
/usr/bin/cmake -E cmake_progress_report /home/ward/Documents/phd/CheMPS2/build/CMakeFiles/CMakeTmp/CMakeFiles 1
Building C object CMakeFiles/cmTryCompileExec1293179083.dir/src.c.o
/usr/lib64/ccache/cc   -DOpenMP_FLAG_DETECTED -fopenmp   -o CMakeFiles/cmTryCompileExec1293179083.dir/src.c.o   -c /home/ward/Documents/phd/CheMPS2/build/CMakeFiles/CMakeTmp/src.c
Linking C executable cmTryCompileExec1293179083
/usr/bin/cmake -E cmake_link_script CMakeFiles/cmTryCompileExec1293179083.dir/link.txt --verbose=1
/usr/lib64/ccache/cc   -DOpenMP_FLAG_DETECTED -fopenmp    CMakeFiles/cmTryCompileExec1293179083.dir/src.c.o  -o cmTryCompileExec1293179083 -rdynamic 
gmake[1]: Leaving directory `/home/ward/Documents/phd/CheMPS2/build/CMakeFiles/CMakeTmp'

Source file was:

#include <omp.h>
int main() {
#ifdef _OPENMP
  return 0;
#else
  breaks_on_purpose
#endif
}

Performing C++ SOURCE FILE Test OpenMP_FLAG_DETECTED succeded with the following output:
Change Dir: /home/ward/Documents/phd/CheMPS2/build/CMakeFiles/CMakeTmp

Run Build Command:/usr/bin/gmake "cmTryCompileExec2780426211/fast"
/usr/bin/gmake -f CMakeFiles/cmTryCompileExec2780426211.dir/build.make CMakeFiles/cmTryCompileExec2780426211.dir/build
gmake[1]: Entering directory `/home/ward/Documents/phd/CheMPS2/build/CMakeFiles/CMakeTmp'
/usr/bin/cmake -E cmake_progress_report /home/ward/Documents/phd/CheMPS2/build/CMakeFiles/CMakeTmp/CMakeFiles 1
Building CXX object CMakeFiles/cmTryCompileExec2780426211.dir/src.cxx.o
/usr/lib64/ccache/c++    -DOpenMP_FLAG_DETECTED -fopenmp   -o CMakeFiles/cmTryCompileExec2780426211.dir/src.cxx.o -c /home/ward/Documents/phd/CheMPS2/build/CMakeFiles/CMakeTmp/src.cxx
Linking CXX executable cmTryCompileExec2780426211
/usr/bin/cmake -E cmake_link_script CMakeFiles/cmTryCompileExec2780426211.dir/link.txt --verbose=1
/usr/lib64/ccache/c++    -DOpenMP_FLAG_DETECTED -fopenmp    CMakeFiles/cmTryCompileExec2780426211.dir/src.cxx.o  -o cmTryCompileExec2780426211 -rdynamic 
gmake[1]: Leaving directory `/home/ward/Documents/phd/CheMPS2/build/CMakeFiles/CMakeTmp'

Source file was:

#include <omp.h>
int main() {
#ifdef _OPENMP
  return 0;
#else
  breaks_on_purpose
#endif
}

Performing C++ SOURCE FILE Test HAS_MARCH_NATIVE succeded with the following output:
Change Dir: /home/ward/Documents/phd/CheMPS2/build/CMakeFiles/CMakeTmp

Run Build Command:/usr/bin/gmake "cmTryCompileExec2694338991/fast"
/usr/bin/gmake -f CMakeFiles/cmTryCompileExec2694338991.dir/build.make CMakeFiles/cmTryCompileExec2694338991.dir/build
gmake[1]: Entering directory `/home/ward/Documents/phd/CheMPS2/build/CMakeFiles/CMakeTmp'
/usr/bin/cmake -E cmake_progress_report /home/ward/Documents/phd/CheMPS2/build/CMakeFiles/CMakeTmp/CMakeFiles 1
Building CXX object CMakeFiles/cmTryCompileExec2694338991.dir/src.cxx.o
/usr/lib64/ccache/c++    -fopenmp -DHAS_MARCH_NATIVE   -march=native -o CMakeFiles/cmTryCompileExec2694338991.dir/src.cxx.o -c /home/ward/Documents/phd/CheMPS2/build/CMakeFiles/CMakeTmp/src.cxx
Linking CXX executable cmTryCompileExec2694338991
/usr/bin/cmake -E cmake_link_script CMakeFiles/cmTryCompileExec2694338991.dir/link.txt --verbose=1
/usr/lib64/ccache/c++    -fopenmp -DHAS_MARCH_NATIVE    CMakeFiles/cmTryCompileExec2694338991.dir/src.cxx.o  -o cmTryCompileExec2694338991 -rdynamic 
gmake[1]: Leaving directory `/home/ward/Documents/phd/CheMPS2/build/CMakeFiles/CMakeTmp'

Source file was:
int main() { return 0;}
Determining if the function sgemm_ exists passed with the following output:
Change Dir: /home/ward/Documents/phd/CheMPS2/build/CMakeFiles/CMakeTmp

Run Build Command:/usr/bin/gmake "cmTryCompileExec171854164/fast"
/usr/bin/gmake -f CMakeFiles/cmTryCompileExec171854164.dir/build.make CMakeFiles/cmTryCompileExec171854164.dir/build
gmake[1]: Entering directory `/home/ward/Documents/phd/CheMPS2/build/CMakeFiles/CMakeTmp'
/usr/bin/cmake -E cmake_progress_report /home/ward/Documents/phd/CheMPS2/build/CMakeFiles/CMakeTmp/CMakeFiles 1
Building C object CMakeFiles/cmTryCompileExec171854164.dir/CheckFunctionExists.c.o
/usr/lib64/ccache/cc   -fopenmp -DCHECK_FUNCTION_EXISTS=sgemm_   -o CMakeFiles/cmTryCompileExec171854164.dir/CheckFunctionExists.c.o   -c /usr/share/cmake/Modules/CheckFunctionExists.c
Linking C executable cmTryCompileExec171854164
/usr/bin/cmake -E cmake_link_script CMakeFiles/cmTryCompileExec171854164.dir/link.txt --verbose=1
/usr/lib64/ccache/cc   -fopenmp -DCHECK_FUNCTION_EXISTS=sgemm_    CMakeFiles/cmTryCompileExec171854164.dir/CheckFunctionExists.c.o  -o cmTryCompileExec171854164 -rdynamic -lblas 
gmake[1]: Leaving directory `/home/ward/Documents/phd/CheMPS2/build/CMakeFiles/CMakeTmp'


Determining if files pthread.h exist passed with the following output:
Change Dir: /home/ward/Documents/phd/CheMPS2/build/CMakeFiles/CMakeTmp

Run Build Command:/usr/bin/gmake "cmTryCompileExec1398974156/fast"
/usr/bin/gmake -f CMakeFiles/cmTryCompileExec1398974156.dir/build.make CMakeFiles/cmTryCompileExec1398974156.dir/build
gmake[1]: Entering directory `/home/ward/Documents/phd/CheMPS2/build/CMakeFiles/CMakeTmp'
/usr/bin/cmake -E cmake_progress_report /home/ward/Documents/phd/CheMPS2/build/CMakeFiles/CMakeTmp/CMakeFiles 1
Building C object CMakeFiles/cmTryCompileExec1398974156.dir/CheckIncludeFiles.c.o
/usr/lib64/ccache/cc   -fopenmp    -o CMakeFiles/cmTryCompileExec1398974156.dir/CheckIncludeFiles.c.o   -c /home/ward/Documents/phd/CheMPS2/build/CMakeFiles/CMakeTmp/CheckIncludeFiles.c
Linking C executable cmTryCompileExec1398974156
/usr/bin/cmake -E cmake_link_script CMakeFiles/cmTryCompileExec1398974156.dir/link.txt --verbose=1
/usr/lib64/ccache/cc   -fopenmp     CMakeFiles/cmTryCompileExec1398974156.dir/CheckIncludeFiles.c.o  -o cmTryCompileExec1398974156 -rdynamic 
gmake[1]: Leaving directory `/home/ward/Documents/phd/CheMPS2/build/CMakeFiles/CMakeTmp'


Determining if the pthread_create exist passed with the following output:
Change Dir: /home/ward/Documents/phd/CheMPS2/build/CMakeFiles/CMakeTmp

Run Build Command:/usr/bin/gmake "cmTryCompileExec1361016312/fast"
/usr/bin/gmake -f CMakeFiles/cmTryCompileExec1361016312.dir/build.make CMakeFiles/cmTryCompileExec1361016312.dir/build
gmake[1]: Entering directory `/home/ward/Documents/phd/CheMPS2/build/CMakeFiles/CMakeTmp'
/usr/bin/cmake -E cmake_progress_report /home/ward/Documents/phd/CheMPS2/build/CMakeFiles/CMakeTmp/CMakeFiles 1
Building C object CMakeFiles/cmTryCompileExec1361016312.dir/CheckSymbolExists.c.o
/usr/lib64/ccache/cc   -fopenmp    -o CMakeFiles/cmTryCompileExec1361016312.dir/CheckSymbolExists.c.o   -c /home/ward/Documents/phd/CheMPS2/build/CMakeFiles/CMakeTmp/CheckSymbolExists.c
Linking C executable cmTryCompileExec1361016312
/usr/bin/cmake -E cmake_link_script CMakeFiles/cmTryCompileExec1361016312.dir/link.txt --verbose=1
/usr/lib64/ccache/cc   -fopenmp     CMakeFiles/cmTryCompileExec1361016312.dir/CheckSymbolExists.c.o  -o cmTryCompileExec1361016312 -rdynamic 
gmake[1]: Leaving directory `/home/ward/Documents/phd/CheMPS2/build/CMakeFiles/CMakeTmp'

File /home/ward/Documents/phd/CheMPS2/build/CMakeFiles/CMakeTmp/CheckSymbolExists.c:
/* */
#include <pthread.h>

int main(int argc, char** argv)
{
  (void)argv;
#ifndef pthread_create
  return ((int*)(&pthread_create))[argc];
#else
  (void)argc;
  return 0;
#endif
}

Determining if the function cheev_ exists passed with the following output:
Change Dir: /home/ward/Documents/phd/CheMPS2/build/CMakeFiles/CMakeTmp

Run Build Command:/usr/bin/gmake "cmTryCompileExec1175434145/fast"
/usr/bin/gmake -f CMakeFiles/cmTryCompileExec1175434145.dir/build.make CMakeFiles/cmTryCompileExec1175434145.dir/build
gmake[1]: Entering directory `/home/ward/Documents/phd/CheMPS2/build/CMakeFiles/CMakeTmp'
/usr/bin/cmake -E cmake_progress_report /home/ward/Documents/phd/CheMPS2/build/CMakeFiles/CMakeTmp/CMakeFiles 1
Building C object CMakeFiles/cmTryCompileExec1175434145.dir/CheckFunctionExists.c.o
/usr/lib64/ccache/cc   -fopenmp -DCHECK_FUNCTION_EXISTS=cheev_   -o CMakeFiles/cmTryCompileExec1175434145.dir/CheckFunctionExists.c.o   -c /usr/share/cmake/Modules/CheckFunctionExists.c
Linking C executable cmTryCompileExec1175434145
/usr/bin/cmake -E cmake_link_script CMakeFiles/cmTryCompileExec1175434145.dir/link.txt --verbose=1
/usr/lib64/ccache/cc   -fopenmp -DCHECK_FUNCTION_EXISTS=cheev_    CMakeFiles/cmTryCompileExec1175434145.dir/CheckFunctionExists.c.o  -o cmTryCompileExec1175434145 -rdynamic -llapack -lblas 
gmake[1]: Leaving directory `/home/ward/Documents/phd/CheMPS2/build/CMakeFiles/CMakeTmp'


